


ARM Macro Assembler    Page 1 


    1 00000000         ; LCD.s
    2 00000000         ; Student names: Aditya Tyagi and Jerry Yang
    3 00000000         ; Last modification date: 3/21/17
    4 00000000         
    5 00000000         ; Runs on LM4F120/TM4C123
    6 00000000         ; Use SSI0 to send an 8-bit code to the ST7735 160x128 p
                       ixel LCD.
    7 00000000         
    8 00000000         ; As part of Lab 7, students need to implement these LCD
                       _WriteCommand and LCD_WriteData
    9 00000000         ; This driver assumes two low-level LCD functions
   10 00000000         
   11 00000000         ; Backlight (pin 10) connected to +3.3 V
   12 00000000         ; MISO (pin 9) unconnected
   13 00000000         ; SCK (pin 8) connected to PA2 (SSI0Clk)
   14 00000000         ; MOSI (pin 7) connected to PA5 (SSI0Tx)
   15 00000000         ; TFT_CS (pin 6) connected to PA3 (SSI0Fss)
   16 00000000         ; CARD_CS (pin 5) unconnected
   17 00000000         ; Data/Command (pin 4) connected to PA6 (GPIO)
   18 00000000         ; RESET (pin 3) connected to PA7 (GPIO)
   19 00000000         ; VCC (pin 2) connected to +3.3 V
   20 00000000         ; Gnd (pin 1) connected to ground
   21 00000000         
   22 00000000 40004100 
                       DC      EQU              0x40004100
   23 00000000 00000000 
                       DC_COMMAND
                               EQU              0
   24 00000000 00000040 
                       DC_DATA EQU              0x40
   25 00000000 40008008 
                       SSI0_DR_R
                               EQU              0x40008008  ;<- NOTE: The 0 is 
                                                            a zero, not the let
                                                            ter O.
   26 00000000 4000800C 
                       SSI0_SR_R
                               EQU              0x4000800C
   27 00000000 00000004 
                       SSI_SR_RNE
                               EQU              0x00000004  ; SSI Receive FIFO 
                                                            Not Empty
   28 00000000 00000010 
                       SSI_SR_BSY
                               EQU              0x00000010  ; SSI Busy Bit
   29 00000000 00000002 
                       SSI_SR_TNF
                               EQU              0x00000002  ; SSI Transmit FIFO
                                                             Not Full
   30 00000000         
   31 00000000                 EXPORT           writecommand
   32 00000000                 EXPORT           writedata
   33 00000000         
   34 00000000                 AREA             |.text|, CODE, READONLY, ALIGN=
2
   35 00000000                 THUMB
   36 00000000                 ALIGN
   37 00000000         
   38 00000000         ; The Data/Command pin must be valid when the eighth bit



ARM Macro Assembler    Page 2 


                        is
   39 00000000         ; sent.  The SSI module has hardware input and output FI
                       FOs
   40 00000000         ; that are 8 locations deep.  Based on the observation t
                       hat
   41 00000000         ; the LCD interface tends to send a few commands and the
                       n a
   42 00000000         ; lot of data, the FIFOs are not used when writing
   43 00000000         ; commands, and they are used when writing data.  This
   44 00000000         ; ensures that the Data/Command pin status matches the b
                       yte
   45 00000000         ; that is actually being transmitted.
   46 00000000         ; The write command operation waits until all data has b
                       een
   47 00000000         ; sent, configures the Data/Command pin for commands, se
                       nds
   48 00000000         ; the command, and then waits for the transmission to
   49 00000000         ; finish.
   50 00000000         ; The write data operation waits until there is room in 
                       the
   51 00000000         ; transmit FIFO, configures the Data/Command pin for dat
                       a,
   52 00000000         ; and then adds the data to the transmit FIFO.
   53 00000000         ; NOTE: These functions will crash or stall indefinitely
                        if
   54 00000000         ; the SSI0 module is not initialized and enabled.
   55 00000000         
   56 00000000         ; This is a helper function that sends an 8-bit command 
                       to the LCD.
   57 00000000         ; Input: R0  8-bit command to transmit
   58 00000000         ; Output: none
   59 00000000         ; Assumes: SSI0 and port A have already been initialized
                        and enabled
   60 00000000         writecommand
   61 00000000         ;; --UUU-- Code to write a command to the LCD
   62 00000000 B403            PUSH             {R0,R1}
   63 00000002         
   64 00000002         busy
   65 00000002 4912            LDR              R1,=SSI0_SR_R ;1) Read SSI0_SR_
                                                            R and check bit 4, 
                                                            
   66 00000004 680A            LDR              R2,[R1]
   67 00000006 F002 0210       AND              R2,#SSI_SR_BSY
   68 0000000A 2A00            CMP              R2,#0
   69 0000000C         
   70 0000000C D1F9            BNE              busy        ;2) If bit 4 is hig
                                                            h, loop back to ste
                                                            p 1 (wait for BUSY 
                                                            bit to be low)
   71 0000000E         
   72 0000000E 4910            LDR              R1,=DC      ;3) Clear D/C=PA6 t
                                                            o zero
   73 00000010 6808            LDR              R0,[R1]
   74 00000012 F000 0000       AND              R0,#DC_COMMAND
   75 00000016 6008            STR              R0,[R1]
   76 00000018         
   77 00000018 BC03            POP{R0,R1}
   78 0000001A 4B0E            LDR              R3,=SSI0_DR_R ;4) Write the com
                                                            mand to SSI0_DR_R



ARM Macro Assembler    Page 3 


   79 0000001C 7018            STRB             R0,[R3]
   80 0000001E         
   81 0000001E         busy2
   82 0000001E 490B            LDR              R1,=SSI0_SR_R ;5) Read SSI0_SR_
                                                            R and check bit 4, 
                                                            
   83 00000020 680A            LDR              R2,[R1]
   84 00000022 F002 0210       AND              R2,#SSI_SR_BSY
   85 00000026 2A00            CMP              R2,#0
   86 00000028         
   87 00000028 D1F9            BNE              busy2       ;6) If bit 4 is hig
                                                            h, loop back to ste
                                                            p 5 (wait for BUSY 
                                                            bit to be low)
   88 0000002A         
   89 0000002A 4770            BX               LR          ;   return
   90 0000002C         
   91 0000002C         ; This is a helper function that sends an 8-bit data to 
                       the LCD.
   92 0000002C         ; Input: R0  8-bit data to transmit
   93 0000002C         ; Output: none
   94 0000002C         ; Assumes: SSI0 and port A have already been initialized
                        and enabled
   95 0000002C         writedata
   96 0000002C         ;; --UUU-- Code to write data to the LCD
   97 0000002C B403            PUSH             {R0,R1}
   98 0000002E         
   99 0000002E         full
  100 0000002E 4807            LDR              R0,=SSI0_SR_R ;1) Read SSI0_SR_
                                                            R and check bit 1, 
                                                            
  101 00000030 6801            LDR              R1,[R0]
  102 00000032 F001 0102       AND              R1,#SSI_SR_TNF
  103 00000036         
  104 00000036 2900            CMP              R1,#0       ;2) If bit 1 is low
                                                             loop back to step 
                                                            1 (wait for TNF bit
                                                             to be high)
  105 00000038 D0F9            BEQ              full
  106 0000003A         
  107 0000003A 4805            LDR              R0,=DC      ;3) Set D/C=PA6 to 
                                                            one
  108 0000003C 6801            LDR              R1,[R0]
  109 0000003E F041 0140       ORR              R1,#DC_DATA
  110 00000042 6001            STR              R1,[R0]
  111 00000044         
  112 00000044 BC03            POP              {R0,R1}
  113 00000046 4903            LDR              R1,=SSI0_DR_R ;4) Write the 8-b
                                                            it data to SSI0_DR_
                                                            R
  114 00000048 7008            STRB             R0,[R1]
  115 0000004A         
  116 0000004A 4770            BX               LR          ;   return
  117 0000004C         
  118 0000004C         
  119 0000004C         ;***************************************************
  120 0000004C         ; This is a library for the Adafruit 1.8" SPI display.
  121 0000004C         ; This library works with the Adafruit 1.8" TFT Breakout
                        w/SD card



ARM Macro Assembler    Page 4 


  122 0000004C         ; ----> http://www.adafruit.com/products/358
  123 0000004C         ; as well as Adafruit raw 1.8" TFT display
  124 0000004C         ; ----> http://www.adafruit.com/products/618
  125 0000004C         ;
  126 0000004C         ; Check out the links above for our tutorials and wiring
                        diagrams
  127 0000004C         ; These displays use SPI to communicate, 4 or 5 pins are
                        required to
  128 0000004C         ; interface (RST is optional)
  129 0000004C         ; Adafruit invests time and resources providing this ope
                       n source code,
  130 0000004C         ; please support Adafruit and open-source hardware by pu
                       rchasing
  131 0000004C         ; products from Adafruit!
  132 0000004C         ;
  133 0000004C         ; Written by Limor Fried/Ladyada for Adafruit Industries
                       .
  134 0000004C         ; MIT license, all text above must be included in any re
                       distribution
  135 0000004C         ;****************************************************
  136 0000004C         
  137 0000004C                 ALIGN                        ; make sure the end
                                                             of this section is
                                                             aligned
  138 0000004C                 END                          ; end of file
              4000800C 
              40004100 
              40008008 
Command Line: --debug --xref --cpu=Cortex-M4 --apcs=interwork --depend=.\lcd.d 
-o.\lcd.o -IC:\Keil\ARM\RV31\INC -IC:\Keil\ARM\CMSIS\Include -IC:\Keil\ARM\Inc\
Luminary --predefine="__EVAL SETA 1" --list=.\lcd.lst LCD.s



ARM Macro Assembler    Page 1 Alphabetic symbol ordering
Relocatable symbols

.text 00000000

Symbol: .text
   Definitions
      At line 34 in file LCD.s
   Uses
      None
Comment: .text unused
busy 00000002

Symbol: busy
   Definitions
      At line 64 in file LCD.s
   Uses
      At line 70 in file LCD.s
Comment: busy used once
busy2 0000001E

Symbol: busy2
   Definitions
      At line 81 in file LCD.s
   Uses
      At line 87 in file LCD.s
Comment: busy2 used once
full 0000002E

Symbol: full
   Definitions
      At line 99 in file LCD.s
   Uses
      At line 105 in file LCD.s
Comment: full used once
writecommand 00000000

Symbol: writecommand
   Definitions
      At line 60 in file LCD.s
   Uses
      At line 31 in file LCD.s
Comment: writecommand used once
writedata 0000002C

Symbol: writedata
   Definitions
      At line 95 in file LCD.s
   Uses
      At line 32 in file LCD.s
Comment: writedata used once
6 symbols



ARM Macro Assembler    Page 1 Alphabetic symbol ordering
Absolute symbols

DC 40004100

Symbol: DC
   Definitions
      At line 22 in file LCD.s
   Uses
      At line 72 in file LCD.s
      At line 107 in file LCD.s

DC_COMMAND 00000000

Symbol: DC_COMMAND
   Definitions
      At line 23 in file LCD.s
   Uses
      At line 74 in file LCD.s
Comment: DC_COMMAND used once
DC_DATA 00000040

Symbol: DC_DATA
   Definitions
      At line 24 in file LCD.s
   Uses
      At line 109 in file LCD.s
Comment: DC_DATA used once
SSI0_DR_R 40008008

Symbol: SSI0_DR_R
   Definitions
      At line 25 in file LCD.s
   Uses
      At line 78 in file LCD.s
      At line 113 in file LCD.s

SSI0_SR_R 4000800C

Symbol: SSI0_SR_R
   Definitions
      At line 26 in file LCD.s
   Uses
      At line 65 in file LCD.s
      At line 82 in file LCD.s
      At line 100 in file LCD.s

SSI_SR_BSY 00000010

Symbol: SSI_SR_BSY
   Definitions
      At line 28 in file LCD.s
   Uses
      At line 67 in file LCD.s
      At line 84 in file LCD.s

SSI_SR_RNE 00000004

Symbol: SSI_SR_RNE
   Definitions
      At line 27 in file LCD.s
   Uses



ARM Macro Assembler    Page 2 Alphabetic symbol ordering
Absolute symbols

      None
Comment: SSI_SR_RNE unused
SSI_SR_TNF 00000002

Symbol: SSI_SR_TNF
   Definitions
      At line 29 in file LCD.s
   Uses
      At line 102 in file LCD.s
Comment: SSI_SR_TNF used once
8 symbols
347 symbols in table
